[debug] [2022-06-28T18:26:29.342Z] ----------------------------------------------------------------------
[debug] [2022-06-28T18:26:29.343Z] Command:       C:\Program Files\nodejs\node.exe C:\Users\Windows\AppData\Roaming\npm\node_modules\firebase-tools\lib\bin\firebase.js init
[debug] [2022-06-28T18:26:29.344Z] CLI Version:   11.1.0
[debug] [2022-06-28T18:26:29.344Z] Platform:      win32
[debug] [2022-06-28T18:26:29.344Z] Node Version:  v16.15.1
[debug] [2022-06-28T18:26:29.344Z] Time:          Wed Jun 29 2022 00:26:29 GMT+0600 (Bangladesh Standard Time)
[debug] [2022-06-28T18:26:29.345Z] ----------------------------------------------------------------------
[debug] 
[debug] [2022-06-28T18:26:29.383Z] > command requires scopes: ["email","openid","https://www.googleapis.com/auth/cloudplatformprojects.readonly","https://www.googleapis.com/auth/firebase","https://www.googleapis.com/auth/cloud-platform"]
[debug] [2022-06-28T18:26:29.384Z] > authorizing via signed-in user (nowshadahmed003@gmail.com)
[info] 
     ######## #### ########  ######## ########     ###     ######  ########
     ##        ##  ##     ## ##       ##     ##  ##   ##  ##       ##
     ######    ##  ########  ######   ########  #########  ######  ######
     ##        ##  ##    ##  ##       ##     ## ##     ##       ## ##
     ##       #### ##     ## ######## ########  ##     ##  ######  ########

You're about to initialize a Firebase project in this directory:

  C:\Projects\Air-Ticket-Client

Before we get started, keep in mind:

  * You are currently outside your home directory
  * You are initializing within an existing Firebase project directory

[info] 
=== Project Setup
[info] 
[info] First, let's associate this project directory with a Firebase project.
[info] You can create multiple project aliases by running firebase use --add, 
[info] but for now we'll just set up a default project.
[info] 
[debug] [2022-06-28T18:26:40.108Z] Using project from CLI flag: air-ticket-2a356
[debug] [2022-06-28T18:26:40.110Z] >>> [apiv2][query] GET https://firebase.googleapis.com/v1beta1/projects/air-ticket-2a356 [none]
[debug] [2022-06-28T18:26:40.901Z] <<< [apiv2][status] GET https://firebase.googleapis.com/v1beta1/projects/air-ticket-2a356 200
[debug] [2022-06-28T18:26:40.901Z] <<< [apiv2][body] GET https://firebase.googleapis.com/v1beta1/projects/air-ticket-2a356 {"projectId":"air-ticket-2a356","projectNumber":"166406872445","displayName":"Air Ticket","name":"projects/air-ticket-2a356","resources":{"hostingSite":"air-ticket-2a356"},"state":"ACTIVE"}
[info] i  Using project air-ticket-2a356 (Air Ticket) 
[info] 
=== Hosting:github Setup
[info] 
[info] i  Detected a .git folder at C:\Projects\Air-Ticket-Client 
[info] i  Authorizing with GitHub to upload your service account to a GitHub repository's secrets store. 
[info] 
[info] Visit this URL on this device to log in:
[info] https://github.com/login/oauth/authorize?client_id=89cf50f02ac6aaed3484&state=483411576&redirect_uri=http%3A%2F%2Flocalhost%3A9005&scope=read%3Auser%20repo%20public_repo
[info] 
[info] Waiting for authentication...
[debug] [2022-06-28T18:26:45.967Z] >>> [apiv2][query] POST https://github.com/login/oauth/access_token [none]
[debug] [2022-06-28T18:26:45.967Z] >>> [apiv2][body] POST https://github.com/login/oauth/access_token [stream]
[debug] [2022-06-28T18:26:46.484Z] <<< [apiv2][status] POST https://github.com/login/oauth/access_token 200
[debug] [2022-06-28T18:26:46.485Z] <<< [apiv2][body] POST https://github.com/login/oauth/access_token {"access_token":"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","token_type":"bearer","scope":"read:user,repo"}
[debug] [2022-06-28T18:26:46.489Z] >>> [apiv2][query] GET https://api.github.com/user [none]
[debug] [2022-06-28T18:26:46.976Z] <<< [apiv2][status] GET https://api.github.com/user 200
[debug] [2022-06-28T18:26:46.976Z] <<< [apiv2][body] GET https://api.github.com/user {"login":"DeveloperNowshad","id":86852494,"node_id":"MDQ6VXNlcjg2ODUyNDk0","avatar_url":"https://avatars.githubusercontent.com/u/86852494?v=4","gravatar_id":"","url":"https://api.github.com/users/DeveloperNowshad","html_url":"https://github.com/DeveloperNowshad","followers_url":"https://api.github.com/users/DeveloperNowshad/followers","following_url":"https://api.github.com/users/DeveloperNowshad/following{/other_user}","gists_url":"https://api.github.com/users/DeveloperNowshad/gists{/gist_id}","starred_url":"https://api.github.com/users/DeveloperNowshad/starred{/owner}{/repo}","subscriptions_url":"https://api.github.com/users/DeveloperNowshad/subscriptions","organizations_url":"https://api.github.com/users/DeveloperNowshad/orgs","repos_url":"https://api.github.com/users/DeveloperNowshad/repos","events_url":"https://api.github.com/users/DeveloperNowshad/events{/privacy}","received_events_url":"https://api.github.com/users/DeveloperNowshad/received_events","type":"User","site_admin":false,"name":"Sultan Mahamood Nowshad","company":null,"blog":"","location":null,"email":null,"hireable":null,"bio":"I am a Professional Full Stack Web Developer","twitter_username":null,"public_repos":15,"public_gists":0,"followers":1,"following":1,"created_at":"2021-07-02T18:56:10Z","updated_at":"2022-06-28T18:26:45Z","private_gists":0,"total_private_repos":0,"owned_private_repos":0,"disk_usage":171723,"collaborators":0,"two_factor_authentication":false,"plan":{"name":"free","space":976562499,"collaborators":0,"private_repos":10000}}
[info] 
[info] +  Success! Logged into GitHub as DeveloperNowshad 
[info] 
[debug] [2022-06-28T18:26:59.503Z] >>> [apiv2][query] GET https://api.github.com/repos/firebase deploy/actions/secrets/public-key type=owner
[debug] [2022-06-28T18:26:59.930Z] <<< [apiv2][status] GET https://api.github.com/repos/firebase deploy/actions/secrets/public-key 404
[debug] [2022-06-28T18:26:59.930Z] <<< [apiv2][body] GET https://api.github.com/repos/firebase deploy/actions/secrets/public-key {"message":"Not Found","documentation_url":"https://docs.github.com/rest"}
[debug] [2022-06-28T18:27:07.640Z] >>> [apiv2][query] GET https://api.github.com/repos/firebase deploy/actions/secrets/public-key type=owner
[debug] [2022-06-28T18:27:08.084Z] <<< [apiv2][status] GET https://api.github.com/repos/firebase deploy/actions/secrets/public-key 404
[debug] [2022-06-28T18:27:08.084Z] <<< [apiv2][body] GET https://api.github.com/repos/firebase deploy/actions/secrets/public-key {"message":"Not Found","documentation_url":"https://docs.github.com/rest"}
[debug] [2022-06-28T18:32:12.498Z] ----------------------------------------------------------------------
[debug] [2022-06-28T18:32:12.499Z] Command:       C:\Program Files\nodejs\node.exe C:\Users\Windows\AppData\Roaming\npm\node_modules\firebase-tools\lib\bin\firebase.js init
[debug] [2022-06-28T18:32:12.500Z] CLI Version:   11.1.0
[debug] [2022-06-28T18:32:12.500Z] Platform:      win32
[debug] [2022-06-28T18:32:12.500Z] Node Version:  v16.15.1
[debug] [2022-06-28T18:32:12.500Z] Time:          Wed Jun 29 2022 00:32:12 GMT+0600 (Bangladesh Standard Time)
[debug] [2022-06-28T18:32:12.501Z] ----------------------------------------------------------------------
[debug] 
[debug] [2022-06-28T18:32:12.540Z] > command requires scopes: ["email","openid","https://www.googleapis.com/auth/cloudplatformprojects.readonly","https://www.googleapis.com/auth/firebase","https://www.googleapis.com/auth/cloud-platform"]
[debug] [2022-06-28T18:32:12.540Z] > authorizing via signed-in user (nowshadahmed003@gmail.com)
[info] 
     ######## #### ########  ######## ########     ###     ######  ########
     ##        ##  ##     ## ##       ##     ##  ##   ##  ##       ##
     ######    ##  ########  ######   ########  #########  ######  ######
     ##        ##  ##    ##  ##       ##     ## ##     ##       ## ##
     ##       #### ##     ## ######## ########  ##     ##  ######  ########

You're about to initialize a Firebase project in this directory:

  C:\Projects\Air-Ticket-Client

Before we get started, keep in mind:

  * You are currently outside your home directory
  * You are initializing within an existing Firebase project directory

[info] 
=== Project Setup
[info] 
[info] First, let's associate this project directory with a Firebase project.
[info] You can create multiple project aliases by running firebase use --add, 
[info] but for now we'll just set up a default project.
[info] 
[debug] [2022-06-28T18:33:52.650Z] Using project from CLI flag: air-ticket-2a356
[debug] [2022-06-28T18:33:52.652Z] >>> [apiv2][query] GET https://firebase.googleapis.com/v1beta1/projects/air-ticket-2a356 [none]
[debug] [2022-06-28T18:33:53.452Z] <<< [apiv2][status] GET https://firebase.googleapis.com/v1beta1/projects/air-ticket-2a356 200
[debug] [2022-06-28T18:33:53.452Z] <<< [apiv2][body] GET https://firebase.googleapis.com/v1beta1/projects/air-ticket-2a356 {"projectId":"air-ticket-2a356","projectNumber":"166406872445","displayName":"Air Ticket","name":"projects/air-ticket-2a356","resources":{"hostingSite":"air-ticket-2a356","storageBucket":"air-ticket-2a356.appspot.com","locationId":"us-central"},"state":"ACTIVE"}
[info] i  Using project air-ticket-2a356 (Air Ticket) 
[info] 
=== Hosting Setup
[info] 
[info] Your public directory is the folder (relative to your project directory) that
[info] will contain Hosting assets to be uploaded with firebase deploy. If you
[info] have a build process for your assets, use your build's output directory.
[info] 
[debug] [2022-06-28T18:34:07.814Z] >>> [apiv2][query] GET https://www.gstatic.com/firebasejs/releases.json [none]
[debug] [2022-06-28T18:34:08.288Z] <<< [apiv2][status] GET https://www.gstatic.com/firebasejs/releases.json 200
[debug] [2022-06-28T18:34:08.288Z] <<< [apiv2][body] GET https://www.gstatic.com/firebasejs/releases.json {"current":{"version":"9.8.4","browserURL":"https://www.gstatic.com/firebasejs/9.8.4/firebase.js","packageURL":"https://www.gstatic.com/firebasejs/9.8.4/firebase.tgz"},"live":{"version":"9.8","browserURL":"https://www.gstatic.com/firebasejs/live/9.8/firebase.js","packageURL":"https://www.gstatic.com/firebasejs/live/9.8/firebase.tgz"},"components":{"analytics":"https://www.gstatic.com/firebasejs/9.8.4/firebase-analytics.js","app":"https://www.gstatic.com/firebasejs/9.8.4/firebase-app.js","app-check":"https://www.gstatic.com/firebasejs/9.8.4/firebase-app-check.js","auth":"https://www.gstatic.com/firebasejs/9.8.4/firebase-auth.js","auth/cordova":"https://www.gstatic.com/firebasejs/9.8.4/firebase-auth/cordova.js","auth/react-native":"https://www.gstatic.com/firebasejs/9.8.4/firebase-auth/react-native.js","functions":"https://www.gstatic.com/firebasejs/9.8.4/firebase-functions.js","firestore":"https://www.gstatic.com/firebasejs/9.8.4/firebase-firestore.js","firestore/lite":"https://www.gstatic.com/firebasejs/9.8.4/firebase-firestore/lite.js","storage":"https://www.gstatic.com/firebasejs/9.8.4/firebase-storage.js","performance":"https://www.gstatic.com/firebasejs/9.8.4/firebase-performance.js","remote-config":"https://www.gstatic.com/firebasejs/9.8.4/firebase-remote-config.js","messaging":"https://www.gstatic.com/firebasejs/9.8.4/firebase-messaging.js","messaging/sw":"https://www.gstatic.com/firebasejs/9.8.4/firebase-messaging/sw.js","database":"https://www.gstatic.com/firebasejs/9.8.4/firebase-database.js","firestore.memory":"https://www.gstatic.com/firebasejs/9.8.4/firebase-firestore.memory.js"}}
[info] +  Wrote public/index.html 
[info] 
[info] i  Detected a .git folder at C:\Projects\Air-Ticket-Client 
[info] i  Authorizing with GitHub to upload your service account to a GitHub repository's secrets store. 
[info] 
[info] Visit this URL on this device to log in:
[info] https://github.com/login/oauth/authorize?client_id=89cf50f02ac6aaed3484&state=977499501&redirect_uri=http%3A%2F%2Flocalhost%3A9005&scope=read%3Auser%20repo%20public_repo
[info] 
[info] Waiting for authentication...
[debug] [2022-06-28T18:34:13.854Z] >>> [apiv2][query] POST https://github.com/login/oauth/access_token [none]
[debug] [2022-06-28T18:34:13.854Z] >>> [apiv2][body] POST https://github.com/login/oauth/access_token [stream]
[debug] [2022-06-28T18:34:14.368Z] <<< [apiv2][status] POST https://github.com/login/oauth/access_token 200
[debug] [2022-06-28T18:34:14.368Z] <<< [apiv2][body] POST https://github.com/login/oauth/access_token {"access_token":"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","token_type":"bearer","scope":"read:user,repo"}
[debug] [2022-06-28T18:34:14.378Z] >>> [apiv2][query] GET https://api.github.com/user [none]
[debug] [2022-06-28T18:34:15.076Z] <<< [apiv2][status] GET https://api.github.com/user 200
[debug] [2022-06-28T18:34:15.076Z] <<< [apiv2][body] GET https://api.github.com/user {"login":"DeveloperNowshad","id":86852494,"node_id":"MDQ6VXNlcjg2ODUyNDk0","avatar_url":"https://avatars.githubusercontent.com/u/86852494?v=4","gravatar_id":"","url":"https://api.github.com/users/DeveloperNowshad","html_url":"https://github.com/DeveloperNowshad","followers_url":"https://api.github.com/users/DeveloperNowshad/followers","following_url":"https://api.github.com/users/DeveloperNowshad/following{/other_user}","gists_url":"https://api.github.com/users/DeveloperNowshad/gists{/gist_id}","starred_url":"https://api.github.com/users/DeveloperNowshad/starred{/owner}{/repo}","subscriptions_url":"https://api.github.com/users/DeveloperNowshad/subscriptions","organizations_url":"https://api.github.com/users/DeveloperNowshad/orgs","repos_url":"https://api.github.com/users/DeveloperNowshad/repos","events_url":"https://api.github.com/users/DeveloperNowshad/events{/privacy}","received_events_url":"https://api.github.com/users/DeveloperNowshad/received_events","type":"User","site_admin":false,"name":"Sultan Mahamood Nowshad","company":null,"blog":"","location":null,"email":null,"hireable":null,"bio":"I am a Professional Full Stack Web Developer","twitter_username":null,"public_repos":15,"public_gists":0,"followers":1,"following":1,"created_at":"2021-07-02T18:56:10Z","updated_at":"2022-06-28T18:26:45Z","private_gists":0,"total_private_repos":0,"owned_private_repos":0,"disk_usage":171723,"collaborators":0,"two_factor_authentication":false,"plan":{"name":"free","space":976562499,"collaborators":0,"private_repos":10000}}
[info] 
[info] +  Success! Logged into GitHub as DeveloperNowshad 
[info] 
